{
  "RSpec": {
    "coverage": {
      "/Users/Matthew/projects/rails_applications/creative-story/app/models/user.rb": [
        1,
        null,
        null,
        1,
        null,
        null,
        1,
        1,
        null,
        null,
        null
      ],
      "/Users/Matthew/projects/rails_applications/creative-story/app/helpers/application_helper.rb": [
        1,
        1,
        null,
        8,
        null,
        4,
        null,
        0,
        null,
        4,
        null,
        null,
        null
      ],
      "/Users/Matthew/projects/rails_applications/creative-story/app/helpers/static_pages_helper.rb": [
        1,
        null
      ],
      "/Users/Matthew/projects/rails_applications/creative-story/app/models/deliverable.rb": [
        1,
        1,
        1,
        null,
        null,
        null,
        null,
        null,
        null
      ],
      "/Users/Matthew/projects/rails_applications/creative-story/app/models/project.rb": [
        1,
        1,
        1,
        1,
        null,
        null,
        1,
        0,
        null,
        null,
        null,
        null,
        null,
        null
      ],
      "/Users/Matthew/projects/rails_applications/creative-story/app/controllers/application_controller.rb": [
        1,
        null,
        null,
        1,
        1,
        null
      ],
      "/Users/Matthew/projects/rails_applications/creative-story/app/controllers/static_pages_controller.rb": [
        1,
        null,
        1,
        2,
        null,
        null,
        1,
        null,
        null,
        1,
        null,
        null,
        1,
        null,
        null,
        null,
        null,
        null,
        null
      ],
      "/Users/Matthew/projects/rails_applications/creative-story/app/controllers/projects_controller.rb": [
        1,
        null,
        null,
        1,
        2,
        null,
        null,
        1,
        1,
        null,
        null,
        1,
        1,
        1,
        1,
        null,
        0,
        null,
        null,
        null,
        1,
        0,
        null,
        null,
        1,
        0,
        0,
        0,
        null,
        0,
        null,
        null,
        null,
        1,
        0,
        0,
        0,
        null,
        0,
        null,
        null,
        null,
        null,
        1,
        null,
        1,
        1,
        null,
        null,
        null
      ],
      "/Users/Matthew/projects/rails_applications/creative-story/app/controllers/deliverables_controller.rb": [
        1,
        1,
        null,
        1,
        2,
        null,
        null,
        1,
        null,
        null,
        null,
        1,
        0,
        null,
        null,
        null,
        1,
        0,
        0,
        0,
        null,
        0,
        null,
        null,
        null,
        null,
        1,
        1,
        null,
        null,
        1,
        1,
        1,
        1,
        null,
        0,
        null,
        null,
        null,
        1,
        0,
        0,
        0,
        null,
        0,
        null,
        null,
        null,
        null,
        1,
        null,
        1,
        1,
        null,
        null,
        1,
        4,
        null,
        null,
        null
      ]
    },
    "timestamp": 1412623260
  }
}
